<?xml version="1.0" encoding="UTF-8"?>
<!-- Generated by org.testng.reporters.JUnitXMLReporter -->
<testsuite ignored="0" hostname="LAPTOP-AG5INDCS" failures="0" tests="4" name="Test" time="0.118" errors="0" timestamp="2022-01-20T16:13:33 IST">
  <testcase classname="Test.Anotation2" name="TestA" time="0.01"/>
  <testcase classname="Test.Anotation2" name="TestB" time="0.003"/>
  <testcase classname="Test.TestAnotation1" name="TestC" time="0.004"/>
  <testcase classname="Test.TestAnotation1" name="TestD" time="0.003"/>
</testsuite> <!-- Test -->
