<?xml version="1.0" encoding="UTF-8"?>
<testng-results ignored="0" total="1" passed="1" failed="0" skipped="0">
  <reporter-output>
  </reporter-output>
  <suite started-at="2022-01-29T21:33:51 IST" name="Default suite" finished-at="2022-01-29T21:34:10 IST" duration-ms="18955">
    <groups>
    </groups>
    <test started-at="2022-01-29T21:33:51 IST" name="Default test" finished-at="2022-01-29T21:34:10 IST" duration-ms="18955">
      <class name="Test.TestNG2">
        <test-method is-config="true" signature="LaunchBrower()[pri:0, instance:Test.TestNG2@48aaecc3]" started-at="2022-01-29T21:33:51 IST" name="LaunchBrower" finished-at="2022-01-29T21:33:57 IST" duration-ms="5616" status="PASS">
          <reporter-output>
          </reporter-output>
        </test-method> <!-- LaunchBrower -->
        <test-method is-config="true" signature="LaunchlinkActi()[pri:0, instance:Test.TestNG2@48aaecc3]" started-at="2022-01-29T21:33:57 IST" name="LaunchlinkActi" finished-at="2022-01-29T21:33:58 IST" duration-ms="515" status="PASS">
          <reporter-output>
          </reporter-output>
        </test-method> <!-- LaunchlinkActi -->
        <test-method signature="VerifyUserTab()[pri:0, instance:Test.TestNG2@48aaecc3]" started-at="2022-01-29T21:33:58 IST" name="VerifyUserTab" finished-at="2022-01-29T21:34:10 IST" duration-ms="12134" status="PASS">
          <reporter-output>
          </reporter-output>
        </test-method> <!-- VerifyUserTab -->
        <test-method is-config="true" signature="AfterClas()[pri:0, instance:Test.TestNG2@48aaecc3]" started-at="2022-01-29T21:34:10 IST" name="AfterClas" finished-at="2022-01-29T21:34:10 IST" duration-ms="619" status="PASS">
          <reporter-output>
          </reporter-output>
        </test-method> <!-- AfterClas -->
      </class> <!-- Test.TestNG2 -->
    </test> <!-- Default test -->
  </suite> <!-- Default suite -->
</testng-results>
